Aligning contigs to reference...
	Aligning contigs to the reference
Filtering alignments...
Parsing coords...
Loading reference...
	Loaded [p15_KHV_genome]
	Total Regions: 1
	Total Region Length: 14940
Analyzing contigs...
CONTIG: p15_KHV_genome (14940bp)
Best alignment score: 14940.0 (LEN: 14940, IDY: 100.00), Total number of alignments: 33
		Skipping these alignments as insignificant (option --ambiguity-score is set to "0.99"):
			Skipping alignment 181 14940 | 1 14760 | 14760 14760 | 100.0 | p15_KHV_genome p15_KHV_genome
			Skipping alignment 1 14760 | 181 14940 | 14760 14760 | 100.0 | p15_KHV_genome p15_KHV_genome
			Skipping alignment 361 14940 | 1 14580 | 14580 14580 | 100.0 | p15_KHV_genome p15_KHV_genome
			Skipping alignment 1 14580 | 361 14940 | 14580 14580 | 100.0 | p15_KHV_genome p15_KHV_genome
			Skipping alignment 541 14940 | 1 14400 | 14400 14400 | 100.0 | p15_KHV_genome p15_KHV_genome
			Skipping alignment 1 14400 | 541 14940 | 14400 14400 | 100.0 | p15_KHV_genome p15_KHV_genome
			Skipping alignment 1 14220 | 721 14940 | 14220 14220 | 100.0 | p15_KHV_genome p15_KHV_genome
			Skipping alignment 721 14940 | 1 14220 | 14220 14220 | 100.0 | p15_KHV_genome p15_KHV_genome
			Skipping alignment 1 14040 | 901 14940 | 14040 14040 | 100.0 | p15_KHV_genome p15_KHV_genome
			Skipping alignment 901 14940 | 1 14040 | 14040 14040 | 100.0 | p15_KHV_genome p15_KHV_genome
			Skipping alignment 1 13860 | 1081 14940 | 13860 13860 | 100.0 | p15_KHV_genome p15_KHV_genome
			Skipping alignment 1081 14940 | 1 13860 | 13860 13860 | 100.0 | p15_KHV_genome p15_KHV_genome
			Skipping alignment 1261 14940 | 1 13680 | 13680 13680 | 100.0 | p15_KHV_genome p15_KHV_genome
			Skipping alignment 1 13680 | 1261 14940 | 13680 13680 | 100.0 | p15_KHV_genome p15_KHV_genome
			Skipping alignment 1441 14940 | 1 13500 | 13500 13500 | 100.0 | p15_KHV_genome p15_KHV_genome
			Skipping alignment 1 13500 | 1441 14940 | 13500 13500 | 100.0 | p15_KHV_genome p15_KHV_genome
			Skipping alignment 1 13320 | 1621 14940 | 13320 13320 | 100.0 | p15_KHV_genome p15_KHV_genome
			Skipping alignment 1621 14940 | 1 13320 | 13320 13320 | 100.0 | p15_KHV_genome p15_KHV_genome
			Skipping alignment 1 13140 | 1801 14940 | 13140 13140 | 100.0 | p15_KHV_genome p15_KHV_genome
			Skipping alignment 1801 14940 | 1 13140 | 13140 13140 | 100.0 | p15_KHV_genome p15_KHV_genome
			Skipping alignment 1981 14940 | 1 12960 | 12960 12960 | 100.0 | p15_KHV_genome p15_KHV_genome
			Skipping alignment 1 12960 | 1981 14940 | 12960 12960 | 100.0 | p15_KHV_genome p15_KHV_genome
			Skipping alignment 1 12780 | 2161 14940 | 12780 12780 | 100.0 | p15_KHV_genome p15_KHV_genome
			Skipping alignment 2161 14940 | 1 12780 | 12780 12780 | 100.0 | p15_KHV_genome p15_KHV_genome
			Skipping alignment 2341 14940 | 1 12600 | 12600 12600 | 100.0 | p15_KHV_genome p15_KHV_genome
			Skipping alignment 1 12600 | 2341 14940 | 12600 12600 | 100.0 | p15_KHV_genome p15_KHV_genome
			Skipping alignment 2521 14940 | 1 12420 | 12420 12420 | 100.0 | p15_KHV_genome p15_KHV_genome
			Skipping alignment 1 12420 | 2521 14940 | 12420 12420 | 100.0 | p15_KHV_genome p15_KHV_genome
			Skipping alignment 2701 14940 | 1 12240 | 12240 12240 | 100.0 | p15_KHV_genome p15_KHV_genome
			Skipping alignment 1 12240 | 2701 14940 | 12240 12240 | 100.0 | p15_KHV_genome p15_KHV_genome
			Skipping alignment 2881 14940 | 1 12060 | 12060 12060 | 100.0 | p15_KHV_genome p15_KHV_genome
			Skipping alignment 1 12060 | 2881 14940 | 12060 12060 | 100.0 | p15_KHV_genome p15_KHV_genome
		One align captures most of this contig: 1 14940 | 1 14940 | 14940 14940 | 100.0 | p15_KHV_genome p15_KHV_genome

Analyzing coverage...
Writing SNPs into /home/najat/Master_bioinformatique/M2/Bioanalyse_transcriptomique/BILL2/results/quast_pre/contigs_reports/minimap_output/p15.used_snps

Analysis is finished!
Founded SNPs were written into /home/najat/Master_bioinformatique/M2/Bioanalyse_transcriptomique/BILL2/results/quast_pre/contigs_reports/minimap_output/p15.used_snps

Results:
	Local Misassemblies: 0
	Misassemblies: 0
		Relocations: 0
		Translocations: 0
		Inversions: 0
	Scaffold gap extensive misassemblies: 0
	Scaffold gap local misassemblies: 0
	Misassembled Contigs: 0
	Misassembled Contig Bases: 0
	Misassemblies Inter-Contig Overlap ("Extra" Aligned Bases): 0
Unaligned Contigs: 0 + 0 part
Half Unaligned Contigs with Misassemblies: 0
Unaligned Bases in Fully and Partially Unaligned Contigs: 0

Ambiguously Mapped Contigs: 0
Total Bases in Ambiguously Mapped Contigs: 0
"Extra" Aligned Bases in Ambiguously Mapped Contigs: 0
Note that --allow-ambiguity option was set to "one" and only first alignment per each of these contigs was used (there is no "extra" aligned bases).

	Covered Bases in Reference: 14940
	Raw Aligned Bases in Assembly: 14940
	Total Aligned Bases in Assembly (with "Extras"): 14940

	SNPs: 0
	Insertions: 0
	Deletions: 0

