Aligning contigs to reference...
	Aligning contigs to the reference
Filtering alignments...
Parsing coords...
Loading reference...
	Loaded [p15_KHV_genome]
	Total Regions: 1
	Total Region Length: 14940
Analyzing contigs...
CONTIG: p90_KHV_genome (26460bp)
Best alignment score: 14940.0 (LEN: 14940, IDY: 100.00), Total number of alignments: 58
			Looking for the best set of alignments (out of 58 total alignments)
			Skipping redundant alignments after choosing the best set of alignments
		Skipping redundant alignment 1 14940 | 181 15120 | 14940 14940 | 100.0 | p15_KHV_genome p90_KHV_genome
		Skipping redundant alignment 1 14940 | 361 15300 | 14940 14940 | 100.0 | p15_KHV_genome p90_KHV_genome
		Skipping redundant alignment 1 14940 | 541 15480 | 14940 14940 | 100.0 | p15_KHV_genome p90_KHV_genome
		Skipping redundant alignment 1 14940 | 721 15660 | 14940 14940 | 100.0 | p15_KHV_genome p90_KHV_genome
		Skipping redundant alignment 1 14940 | 901 15840 | 14940 14940 | 100.0 | p15_KHV_genome p90_KHV_genome
		Skipping redundant alignment 1 14940 | 1081 16020 | 14940 14940 | 100.0 | p15_KHV_genome p90_KHV_genome
		Skipping redundant alignment 1 14940 | 1261 16200 | 14940 14940 | 100.0 | p15_KHV_genome p90_KHV_genome
		Skipping redundant alignment 1 14940 | 1441 16380 | 14940 14940 | 100.0 | p15_KHV_genome p90_KHV_genome
		Skipping redundant alignment 1 14940 | 1621 16560 | 14940 14940 | 100.0 | p15_KHV_genome p90_KHV_genome
		Skipping redundant alignment 1 14940 | 1801 16740 | 14940 14940 | 100.0 | p15_KHV_genome p90_KHV_genome
		Skipping redundant alignment 1 14940 | 1981 16920 | 14940 14940 | 100.0 | p15_KHV_genome p90_KHV_genome
		Skipping redundant alignment 1 14940 | 2341 17280 | 14940 14940 | 100.0 | p15_KHV_genome p90_KHV_genome
		Skipping redundant alignment 1 14940 | 2521 17460 | 14940 14940 | 100.0 | p15_KHV_genome p90_KHV_genome
		Skipping redundant alignment 1 14940 | 2701 17640 | 14940 14940 | 100.0 | p15_KHV_genome p90_KHV_genome
		Skipping redundant alignment 1 14940 | 3061 18000 | 14940 14940 | 100.0 | p15_KHV_genome p90_KHV_genome
		Skipping redundant alignment 1 14940 | 3241 18180 | 14940 14940 | 100.0 | p15_KHV_genome p90_KHV_genome
		Skipping redundant alignment 1 14940 | 3421 18360 | 14940 14940 | 100.0 | p15_KHV_genome p90_KHV_genome
		Skipping redundant alignment 1 14940 | 3601 18540 | 14940 14940 | 100.0 | p15_KHV_genome p90_KHV_genome
		Skipping redundant alignment 1 14940 | 3781 18720 | 14940 14940 | 100.0 | p15_KHV_genome p90_KHV_genome
		Skipping redundant alignment 1 14940 | 3961 18900 | 14940 14940 | 100.0 | p15_KHV_genome p90_KHV_genome
		Skipping redundant alignment 1 14940 | 4141 19080 | 14940 14940 | 100.0 | p15_KHV_genome p90_KHV_genome
		Skipping redundant alignment 1 14940 | 4321 19260 | 14940 14940 | 100.0 | p15_KHV_genome p90_KHV_genome
		Skipping redundant alignment 1 14940 | 4501 19440 | 14940 14940 | 100.0 | p15_KHV_genome p90_KHV_genome
		Skipping redundant alignment 1 14940 | 4681 19620 | 14940 14940 | 100.0 | p15_KHV_genome p90_KHV_genome
		Skipping redundant alignment 1 14940 | 4861 19800 | 14940 14940 | 100.0 | p15_KHV_genome p90_KHV_genome
		Skipping redundant alignment 1 14940 | 5041 19980 | 14940 14940 | 100.0 | p15_KHV_genome p90_KHV_genome
		Skipping redundant alignment 1 14940 | 5401 20340 | 14940 14940 | 100.0 | p15_KHV_genome p90_KHV_genome
		Skipping redundant alignment 1 14940 | 5581 20520 | 14940 14940 | 100.0 | p15_KHV_genome p90_KHV_genome
		Skipping redundant alignment 1 14940 | 5761 20700 | 14940 14940 | 100.0 | p15_KHV_genome p90_KHV_genome
		Skipping redundant alignment 1 14940 | 6301 21240 | 14940 14940 | 100.0 | p15_KHV_genome p90_KHV_genome
		Skipping redundant alignment 1 14940 | 6481 21420 | 14940 14940 | 100.0 | p15_KHV_genome p90_KHV_genome
		Skipping redundant alignment 1 14940 | 6661 21600 | 14940 14940 | 100.0 | p15_KHV_genome p90_KHV_genome
		Skipping redundant alignment 1 14940 | 6841 21780 | 14940 14940 | 100.0 | p15_KHV_genome p90_KHV_genome
		Skipping redundant alignment 1 14940 | 7021 21960 | 14940 14940 | 100.0 | p15_KHV_genome p90_KHV_genome
		Skipping redundant alignment 1 14940 | 7201 22140 | 14940 14940 | 100.0 | p15_KHV_genome p90_KHV_genome
		Skipping redundant alignment 1 14940 | 7381 22320 | 14940 14940 | 100.0 | p15_KHV_genome p90_KHV_genome
		Skipping redundant alignment 1 14940 | 7561 22500 | 14940 14940 | 100.0 | p15_KHV_genome p90_KHV_genome
		Skipping redundant alignment 1 14940 | 7741 22680 | 14940 14940 | 100.0 | p15_KHV_genome p90_KHV_genome
		Skipping redundant alignment 1 14940 | 7921 22860 | 14940 14940 | 100.0 | p15_KHV_genome p90_KHV_genome
		Skipping redundant alignment 1 14940 | 8101 23040 | 14940 14940 | 100.0 | p15_KHV_genome p90_KHV_genome
		Skipping redundant alignment 1 14940 | 8461 23400 | 14940 14940 | 100.0 | p15_KHV_genome p90_KHV_genome
		Skipping redundant alignment 1 14940 | 8641 23580 | 14940 14940 | 100.0 | p15_KHV_genome p90_KHV_genome
		Skipping redundant alignment 1 14940 | 8821 23760 | 14940 14940 | 100.0 | p15_KHV_genome p90_KHV_genome
		Skipping redundant alignment 1 14940 | 9001 23940 | 14940 14940 | 100.0 | p15_KHV_genome p90_KHV_genome
		Skipping redundant alignment 1 14940 | 9181 24120 | 14940 14940 | 100.0 | p15_KHV_genome p90_KHV_genome
		Skipping redundant alignment 1 14940 | 9361 24300 | 14940 14940 | 100.0 | p15_KHV_genome p90_KHV_genome
		Skipping redundant alignment 1 14940 | 9721 24660 | 14940 14940 | 100.0 | p15_KHV_genome p90_KHV_genome
		Skipping redundant alignment 1 14940 | 9901 24840 | 14940 14940 | 100.0 | p15_KHV_genome p90_KHV_genome
		Skipping redundant alignment 1 14940 | 10081 25020 | 14940 14940 | 100.0 | p15_KHV_genome p90_KHV_genome
		Skipping redundant alignment 1 14940 | 10261 25200 | 14940 14940 | 100.0 | p15_KHV_genome p90_KHV_genome
		Skipping redundant alignment 1 14940 | 10441 25380 | 14940 14940 | 100.0 | p15_KHV_genome p90_KHV_genome
		Skipping redundant alignment 1 14940 | 10621 25560 | 14940 14940 | 100.0 | p15_KHV_genome p90_KHV_genome
		Skipping redundant alignment 1 14940 | 10801 25740 | 14940 14940 | 100.0 | p15_KHV_genome p90_KHV_genome
		Skipping redundant alignment 1 14940 | 10981 25920 | 14940 14940 | 100.0 | p15_KHV_genome p90_KHV_genome
		Skipping redundant alignment 1 14940 | 11161 26100 | 14940 14940 | 100.0 | p15_KHV_genome p90_KHV_genome
		Skipping redundant alignment 1 14940 | 11341 26280 | 14940 14940 | 100.0 | p15_KHV_genome p90_KHV_genome
		This contig has several significant sets of alignments. [An ambiguously mapped contig]
		Using only the very best set (option --ambiguity-usage is set to "one").
			The best set is below. Score: 25960.2, number of alignments: 2, unaligned bases: 0
		This contig is misassembled.
			Excluding internal overlap of size 3420 between Alignment 1 and 2: 1 14940 | 11521 26460 | 14940 14940 --> 3421 14940 | 14941 26460 | 11520 11520
			Real Alignment 1: 1 14940 | 1 14940 | 14940 14940 | 100.0 | p15_KHV_genome p90_KHV_genome
			  Extensive misassembly (relocation, inconsistency = -11520) between these two alignments
			Real Alignment 2: 3421 14940 | 14941 26460 | 11520 11520 | 100.0 | p15_KHV_genome p90_KHV_genome

Analyzing coverage...
Writing SNPs into /home/najat/Master_bioinformatique/M2/Bioanalyse_transcriptomique/BILL2/results/quast_pre/contigs_reports/minimap_output/p90.used_snps

Analysis is finished!
Founded SNPs were written into /home/najat/Master_bioinformatique/M2/Bioanalyse_transcriptomique/BILL2/results/quast_pre/contigs_reports/minimap_output/p90.used_snps

Results:
	Local Misassemblies: 0
	Misassemblies: 1
		Relocations: 1
		Translocations: 0
		Inversions: 0
	Scaffold gap extensive misassemblies: 0
	Scaffold gap local misassemblies: 0
	Misassembled Contigs: 1
	Misassembled Contig Bases: 26460
	Misassemblies Inter-Contig Overlap ("Extra" Aligned Bases): 0
Unaligned Contigs: 0 + 0 part
Half Unaligned Contigs with Misassemblies: 0
Unaligned Bases in Fully and Partially Unaligned Contigs: 0

Ambiguously Mapped Contigs: 1
Total Bases in Ambiguously Mapped Contigs: 26460
"Extra" Aligned Bases in Ambiguously Mapped Contigs: 0
Note that --allow-ambiguity option was set to "one" and only first alignment per each of these contigs was used (there is no "extra" aligned bases).

	Covered Bases in Reference: 14940
	Raw Aligned Bases in Assembly: 26460
	Total Aligned Bases in Assembly (with "Extras"): 26460

	SNPs: 0
	Insertions: 0
	Deletions: 0

